{
"src\\module\\classes\\guid.ts":{"path":"src\\module\\classes\\guid.ts","statementMap":{"1":{"start":{"line":1,"column":0},"end":{"line":69,"column":0}},"2":{"start":{"line":38,"column":4},"end":{"line":40,"column":5}},"3":{"start":{"line":39,"column":6},"end":{"line":39,"column":45}},"4":{"start":{"line":41,"column":4},"end":{"line":41,"column":31}},"5":{"start":{"line":6,"column":16},"end":{"line":8,"column":3}},"6":{"start":{"line":7,"column":4},"end":{"line":7,"column":60}},"7":{"start":{"line":13,"column":16},"end":{"line":18,"column":3}},"8":{"start":{"line":14,"column":4},"end":{"line":17,"column":6}},"9":{"start":{"line":23,"column":16},"end":{"line":26,"column":3}},"10":{"start":{"line":24,"column":20},"end":{"line":24,"column":101}},"11":{"start":{"line":25,"column":4},"end":{"line":25,"column":33}},"12":{"start":{"line":28,"column":17},"end":{"line":33,"column":3}},"13":{"start":{"line":29,"column":4},"end":{"line":32,"column":20}},"14":{"start":{"line":48,"column":9},"end":{"line":57,"column":3}},"15":{"start":{"line":49,"column":4},"end":{"line":56,"column":5}},"16":{"start":{"line":52,"column":8},"end":{"line":52,"column":35}},"17":{"start":{"line":55,"column":8},"end":{"line":55,"column":23}},"18":{"start":{"line":62,"column":9},"end":{"line":64,"column":3}},"19":{"start":{"line":63,"column":4},"end":{"line":63,"column":48}},"20":{"start":{"line":66,"column":9},"end":{"line":68,"column":3}},"21":{"start":{"line":67,"column":4},"end":{"line":67,"column":19}},"22":{"start":{"line":69,"column":0},"end":{"line":69,"column":1}},"23":{"start":{"line":1,"column":13},"end":{"line":1,"column":17}}},"fnMap":{"1":{"name":"(anonymous_0)","line":1,"loc":{"start":{"line":1,"column":0},"end":{"line":1,"column":-1}}},"2":{"name":"Guid","line":37,"loc":{"start":{"line":37,"column":24},"end":{"line":42,"column":3}}},"3":{"name":"(anonymous_2)","line":6,"loc":{"start":{"line":6,"column":2},"end":{"line":8,"column":3}}},"4":{"name":"(anonymous_3)","line":13,"loc":{"start":{"line":13,"column":2},"end":{"line":18,"column":3}}},"5":{"name":"(anonymous_4)","line":23,"loc":{"start":{"line":23,"column":36},"end":{"line":26,"column":3}}},"6":{"name":"(anonymous_5)","line":28,"loc":{"start":{"line":28,"column":2},"end":{"line":33,"column":3}}},"7":{"name":"(anonymous_6)","line":48,"loc":{"start":{"line":48,"column":33},"end":{"line":57,"column":3}}},"8":{"name":"(anonymous_7)","line":62,"loc":{"start":{"line":62,"column":27},"end":{"line":64,"column":3}}},"9":{"name":"(anonymous_8)","line":66,"loc":{"start":{"line":66,"column":2},"end":{"line":68,"column":3}}}},"branchMap":{"1":{"line":38,"type":"if","locations":[{"start":{"line":38,"column":4},"end":{"line":40,"column":5}},{"start":{"line":38,"column":4},"end":{"line":40,"column":5}}]},"2":{"line":50,"type":"switch","locations":[{"start":{"line":50,"column":6},"end":{"line":50,"column":15}},{"start":{"line":51,"column":6},"end":{"line":52,"column":35}},{"start":{"line":54,"column":6},"end":{"line":55,"column":23}}]}},"s":{"1":1,"2":4,"3":0,"4":4,"5":1,"6":0,"7":1,"8":0,"9":1,"10":6,"11":6,"12":1,"13":0,"14":1,"15":3,"16":0,"17":3,"18":1,"19":1,"20":1,"21":0,"22":1,"23":1},"b":{"1":[0,4],"2":[0,0,3]},"f":{"1":1,"2":4,"3":0,"4":0,"5":6,"6":0,"7":3,"8":1,"9":0},"l":{"1":1,"6":1,"7":0,"13":1,"14":0,"23":1,"24":6,"25":6,"28":1,"29":0,"38":4,"39":0,"41":4,"48":1,"49":3,"52":0,"55":3,"62":1,"63":1,"66":1,"67":0,"69":1}},
"src\\module\\services\\app-config.service.ts":{"path":"src\\module\\services\\app-config.service.ts","statementMap":{"1":{"start":{"line":1,"column":0},"end":{"line":1,"column":42}},"2":{"start":{"line":2,"column":0},"end":{"line":2,"column":36}},"3":{"start":{"line":3,"column":0},"end":{"line":3,"column":36}},"4":{"start":{"line":9,"column":22},"end":{"line":9,"column":0}},"5":{"start":{"line":16,"column":24},"end":{"line":16,"column":34}},"6":{"start":{"line":11,"column":12},"end":{"line":11,"column":36}},"7":{"start":{"line":12,"column":12},"end":{"line":12,"column":33}},"8":{"start":{"line":13,"column":12},"end":{"line":13,"column":31}},"9":{"start":{"line":14,"column":12},"end":{"line":14,"column":36}},"10":{"start":{"line":26,"column":11},"end":{"line":42,"column":7}},"11":{"start":{"line":27,"column":8},"end":{"line":27,"column":27}},"12":{"start":{"line":28,"column":19},"end":{"line":28,"column":62}},"13":{"start":{"line":28,"column":45},"end":{"line":28,"column":58}},"14":{"start":{"line":29,"column":8},"end":{"line":31,"column":9}},"15":{"start":{"line":30,"column":10},"end":{"line":30,"column":98}},"16":{"start":{"line":33,"column":8},"end":{"line":39,"column":9}},"17":{"start":{"line":34,"column":23},"end":{"line":34,"column":69}},"18":{"start":{"line":34,"column":49},"end":{"line":34,"column":65}},"19":{"start":{"line":35,"column":10},"end":{"line":37,"column":11}},"20":{"start":{"line":36,"column":12},"end":{"line":36,"column":125}},"21":{"start":{"line":38,"column":10},"end":{"line":38,"column":30}},"22":{"start":{"line":41,"column":8},"end":{"line":41,"column":26}},"23":{"start":{"line":49,"column":11},"end":{"line":56,"column":5}},"24":{"start":{"line":50,"column":6},"end":{"line":50,"column":25}},"25":{"start":{"line":51,"column":19},"end":{"line":51,"column":32}},"26":{"start":{"line":52,"column":6},"end":{"line":54,"column":7}},"27":{"start":{"line":53,"column":8},"end":{"line":53,"column":74}},"28":{"start":{"line":55,"column":6},"end":{"line":55,"column":20}},"29":{"start":{"line":63,"column":11},"end":{"line":97,"column":5}},"30":{"start":{"line":63,"column":4},"end":{"line":97,"column":4}},"31":{"start":{"line":64,"column":8},"end":{"line":64,"column":48}},"32":{"start":{"line":64,"column":23},"end":{"line":64,"column":46}},"33":{"start":{"line":65,"column":8},"end":{"line":96,"column":11}},"34":{"start":{"line":66,"column":12},"end":{"line":94,"column":15}},"35":{"start":{"line":66,"column":68},"end":{"line":66,"column":78}},"36":{"start":{"line":67,"column":16},"end":{"line":67,"column":90}},"37":{"start":{"line":68,"column":16},"end":{"line":68,"column":30}},"38":{"start":{"line":69,"column":16},"end":{"line":69,"column":78}},"39":{"start":{"line":71,"column":16},"end":{"line":71,"column":39}},"40":{"start":{"line":72,"column":35},"end":{"line":72,"column":39}},"41":{"start":{"line":73,"column":16},"end":{"line":75,"column":17}},"42":{"start":{"line":74,"column":18},"end":{"line":74,"column":92}},"43":{"start":{"line":76,"column":16},"end":{"line":93,"column":17}},"44":{"start":{"line":77,"column":20},"end":{"line":88,"column":27}},"45":{"start":{"line":78,"column":39},"end":{"line":78,"column":49}},"46":{"start":{"line":80,"column":28},"end":{"line":80,"column":102}},"47":{"start":{"line":81,"column":28},"end":{"line":81,"column":43}},"48":{"start":{"line":82,"column":28},"end":{"line":82,"column":90}},"49":{"start":{"line":85,"column":28},"end":{"line":85,"column":55}},"50":{"start":{"line":86,"column":28},"end":{"line":86,"column":47}},"51":{"start":{"line":87,"column":28},"end":{"line":87,"column":42}},"52":{"start":{"line":90,"column":20},"end":{"line":90,"column":77}},"53":{"start":{"line":91,"column":20},"end":{"line":91,"column":39}},"54":{"start":{"line":92,"column":20},"end":{"line":92,"column":34}},"55":{"start":{"line":99,"column":12},"end":{"line":103,"column":5}},"56":{"start":{"line":100,"column":6},"end":{"line":102,"column":7}},"57":{"start":{"line":101,"column":8},"end":{"line":101,"column":86}},"58":{"start":{"line":104,"column":0},"end":{"line":104,"column":1}},"59":{"start":{"line":9,"column":13},"end":{"line":104,"column":1}},"60":{"start":{"line":9,"column":13},"end":{"line":9,"column":22}}},"fnMap":{"1":{"name":"(anonymous_0)","line":9,"loc":{"start":{"line":9,"column":22},"end":{"line":9,"column":0}}},"2":{"name":"AppConfig","line":16,"loc":{"start":{"line":16,"column":34},"end":{"line":18,"column":5}}},"3":{"name":"(anonymous_2)","line":26,"loc":{"start":{"line":26,"column":43},"end":{"line":42,"column":7}}},"4":{"name":"(anonymous_3)","line":28,"loc":{"start":{"line":28,"column":40},"end":{"line":28,"column":58}}},"5":{"name":"(anonymous_4)","line":34,"loc":{"start":{"line":34,"column":44},"end":{"line":34,"column":65}}},"6":{"name":"(anonymous_5)","line":49,"loc":{"start":{"line":49,"column":26},"end":{"line":56,"column":5}}},"7":{"name":"(anonymous_6)","line":63,"loc":{"start":{"line":63,"column":32},"end":{"line":97,"column":5}}},"8":{"name":"(anonymous_7)","line":65,"loc":{"start":{"line":65,"column":43},"end":{"line":96,"column":9}}},"9":{"name":"(anonymous_8)","line":66,"loc":{"start":{"line":66,"column":63},"end":{"line":66,"column":78}}},"10":{"name":"(anonymous_9)","line":66,"loc":{"start":{"line":66,"column":98},"end":{"line":70,"column":13}}},"11":{"name":"(anonymous_10)","line":70,"loc":{"start":{"line":70,"column":43},"end":{"line":94,"column":13}}},"12":{"name":"(anonymous_11)","line":78,"loc":{"start":{"line":78,"column":34},"end":{"line":78,"column":49}}},"13":{"name":"(anonymous_12)","line":79,"loc":{"start":{"line":79,"column":42},"end":{"line":83,"column":25}}},"14":{"name":"(anonymous_13)","line":84,"loc":{"start":{"line":84,"column":48},"end":{"line":88,"column":25}}},"15":{"name":"(anonymous_14)","line":99,"loc":{"start":{"line":99,"column":4},"end":{"line":103,"column":5}}}},"branchMap":{"1":{"line":29,"type":"if","locations":[{"start":{"line":29,"column":8},"end":{"line":31,"column":9}},{"start":{"line":29,"column":8},"end":{"line":31,"column":9}}]},"2":{"line":33,"type":"if","locations":[{"start":{"line":33,"column":8},"end":{"line":39,"column":9}},{"start":{"line":33,"column":8},"end":{"line":39,"column":9}}]},"3":{"line":35,"type":"if","locations":[{"start":{"line":35,"column":10},"end":{"line":37,"column":11}},{"start":{"line":35,"column":10},"end":{"line":37,"column":11}}]},"4":{"line":52,"type":"if","locations":[{"start":{"line":52,"column":6},"end":{"line":54,"column":7}},{"start":{"line":52,"column":6},"end":{"line":54,"column":7}}]},"5":{"line":64,"type":"if","locations":[{"start":{"line":64,"column":8},"end":{"line":64,"column":48}},{"start":{"line":64,"column":8},"end":{"line":64,"column":48}}]},"6":{"line":69,"type":"binary-expr","locations":[{"start":{"line":69,"column":40},"end":{"line":69,"column":58}},{"start":{"line":69,"column":62},"end":{"line":69,"column":76}}]},"7":{"line":73,"type":"if","locations":[{"start":{"line":73,"column":16},"end":{"line":75,"column":17}},{"start":{"line":73,"column":16},"end":{"line":75,"column":17}}]},"8":{"line":76,"type":"if","locations":[{"start":{"line":76,"column":16},"end":{"line":93,"column":17}},{"start":{"line":76,"column":16},"end":{"line":93,"column":17}}]},"9":{"line":82,"type":"binary-expr","locations":[{"start":{"line":82,"column":52},"end":{"line":82,"column":70}},{"start":{"line":82,"column":74},"end":{"line":82,"column":88}}]},"10":{"line":100,"type":"if","locations":[{"start":{"line":100,"column":6},"end":{"line":102,"column":7}},{"start":{"line":100,"column":6},"end":{"line":102,"column":7}}]}},"s":{"1":1,"2":1,"3":1,"4":1,"5":4,"6":4,"7":4,"8":4,"9":4,"10":1,"11":3,"12":3,"13":6,"14":3,"15":0,"16":3,"17":2,"18":4,"19":2,"20":0,"21":2,"22":1,"23":1,"24":2,"25":2,"26":2,"27":0,"28":2,"29":1,"30":4,"31":4,"32":4,"33":4,"34":4,"35":4,"36":0,"37":0,"38":0,"39":4,"40":4,"41":4,"42":3,"43":4,"44":3,"45":3,"46":0,"47":0,"48":0,"49":3,"50":3,"51":3,"52":1,"53":1,"54":1,"55":1,"56":5,"57":0,"58":1,"59":1,"60":1},"b":{"1":[0,3],"2":[2,1],"3":[0,2],"4":[0,2],"5":[4,0],"6":[0,0],"7":[3,1],"8":[3,1],"9":[0,0],"10":[0,5]},"f":{"1":1,"2":4,"3":3,"4":6,"5":4,"6":2,"7":4,"8":4,"9":4,"10":0,"11":4,"12":3,"13":0,"14":3,"15":5},"l":{"1":1,"2":1,"3":1,"9":1,"11":4,"12":4,"13":4,"14":4,"16":4,"26":1,"27":3,"28":6,"29":3,"30":0,"33":3,"34":4,"35":2,"36":0,"38":2,"41":1,"49":1,"50":2,"51":2,"52":2,"53":0,"55":2,"63":4,"64":4,"65":4,"66":4,"67":0,"68":0,"69":0,"71":4,"72":4,"73":4,"74":3,"76":4,"77":3,"78":3,"80":0,"81":0,"82":0,"85":3,"86":3,"87":3,"90":1,"91":1,"92":1,"99":1,"100":5,"101":0,"104":1}},
"src\\module\\core.module.ts":{"path":"src\\module\\core.module.ts","statementMap":{"1":{"start":{"line":1,"column":0},"end":{"line":1,"column":40}},"2":{"start":{"line":2,"column":0},"end":{"line":2,"column":46}},"3":{"start":{"line":5,"column":0},"end":{"line":5,"column":57}},"4":{"start":{"line":17,"column":23},"end":{"line":17,"column":0}},"5":{"start":{"line":17,"column":26},"end":{"line":17,"column":27}},"6":{"start":{"line":17,"column":13},"end":{"line":17,"column":27}},"7":{"start":{"line":17,"column":13},"end":{"line":17,"column":23}}},"fnMap":{"1":{"name":"(anonymous_0)","line":17,"loc":{"start":{"line":17,"column":23},"end":{"line":17,"column":0}}},"2":{"name":"CoreModule","line":17,"loc":{"start":{"line":17,"column":0},"end":{"line":17,"column":27}}}},"branchMap":{},"s":{"1":1,"2":1,"3":1,"4":1,"5":1,"6":1,"7":1},"b":{},"f":{"1":1,"2":4},"l":{"1":1,"2":1,"5":1,"17":1}}}
