{
"src\\app\\app.component.ts":{"path":"src\\app\\app.component.ts","statementMap":{"1":{"start":{"line":1,"column":0},"end":{"line":1,"column":41}},"2":{"start":{"line":8,"column":25},"end":{"line":8,"column":0}},"3":{"start":{"line":9,"column":11},"end":{"line":9,"column":43}},"4":{"start":{"line":11,"column":0},"end":{"line":11,"column":1}},"5":{"start":{"line":8,"column":13},"end":{"line":11,"column":1}},"6":{"start":{"line":8,"column":13},"end":{"line":8,"column":25}}},"fnMap":{"1":{"name":"(anonymous_0)","line":8,"loc":{"start":{"line":8,"column":25},"end":{"line":8,"column":0}}},"2":{"name":"AppComponent","line":3,"loc":{"start":{"line":3,"column":0},"end":{"line":11,"column":1}}}},"branchMap":{},"s":{"1":1,"2":1,"3":1,"4":1,"5":1,"6":1},"b":{},"f":{"1":1,"2":1},"l":{"1":1,"8":1,"9":1,"11":1}},
"src\\module\\lego-ui.module.ts":{"path":"src\\module\\lego-ui.module.ts","statementMap":{"1":{"start":{"line":1,"column":0},"end":{"line":1,"column":40}},"2":{"start":{"line":2,"column":0},"end":{"line":2,"column":46}},"3":{"start":{"line":4,"column":0},"end":{"line":4,"column":42}},"4":{"start":{"line":6,"column":0},"end":{"line":6,"column":52}},"5":{"start":{"line":7,"column":0},"end":{"line":7,"column":67}},"6":{"start":{"line":8,"column":0},"end":{"line":8,"column":58}},"7":{"start":{"line":9,"column":0},"end":{"line":9,"column":44}},"8":{"start":{"line":85,"column":25},"end":{"line":85,"column":0}},"9":{"start":{"line":85,"column":28},"end":{"line":85,"column":29}},"10":{"start":{"line":85,"column":13},"end":{"line":85,"column":29}},"11":{"start":{"line":85,"column":13},"end":{"line":85,"column":25}}},"fnMap":{"1":{"name":"(anonymous_0)","line":85,"loc":{"start":{"line":85,"column":25},"end":{"line":85,"column":0}}},"2":{"name":"LegoUiModule","line":85,"loc":{"start":{"line":85,"column":0},"end":{"line":85,"column":29}}}},"branchMap":{},"s":{"1":1,"2":1,"3":1,"4":1,"5":1,"6":1,"7":1,"8":1,"9":1,"10":1,"11":1},"b":{},"f":{"1":1,"2":1},"l":{"1":1,"2":1,"4":1,"6":1,"7":1,"8":1,"9":1,"85":1}}}
